# JRE version: OpenJDK Runtime Environment (8.0_242-b01) (build 1.8.0_242-release-1644-b01)
# Java VM: OpenJDK 64-Bit Server VM (25.242-b01 mixed mode windows-amd64 compressed oops)
Heap:
 PSYoungGen      total 648192K, used 483537K [0x00000000d5580000, 0x0000000100000000, 0x0000000100000000)
  eden space 599552K, 75% used [0x00000000d5580000,0x00000000f0d321d0,0x00000000f9f00000)
  from space 48640K, 68% used [0x00000000f9f00000,0x00000000fbf825b8,0x00000000fce80000)
  to   space 50688K, 0% used [0x00000000fce80000,0x00000000fce80000,0x0000000100000000)
 ParOldGen       total 317952K, used 261518K [0x0000000080000000, 0x0000000093680000, 0x00000000d5580000)
  object space 317952K, 82% used [0x0000000080000000,0x000000008ff63878,0x0000000093680000)
 Metaspace       used 132543K, capacity 139752K, committed 140108K, reserved 1171456K
  class space    used 16833K, capacity 18176K, committed 18304K, reserved 1048576K
GC Heap History (10 events):
Event: 955.964 GC heap before
{Heap before GC invocations=47 (full 6):
 PSYoungGen      total 641536K, used 599826K [0x00000000d5580000, 0x00000000ffc80000, 0x0000000100000000)
  eden space 589824K, 100% used [0x00000000d5580000,0x00000000f9580000,0x00000000f9580000)
  from space 51712K, 19% used [0x00000000fc780000,0x00000000fd144ba8,0x00000000ffa00000)
  to   space 51200K, 0% used [0x00000000f9580000,0x00000000f9580000,0x00000000fc780000)
 ParOldGen       total 317952K, used 226176K [0x0000000080000000, 0x0000000093680000, 0x00000000d5580000)
  object space 317952K, 71% used [0x0000000080000000,0x000000008dce0208,0x0000000093680000)
 Metaspace       used 122726K, capacity 129652K, committed 130124K, reserved 1163264K
  class space    used 15774K, capacity 17078K, committed 17280K, reserved 1048576K
Event: 956.000 GC heap after
Heap after GC invocations=47 (full 6):
 PSYoungGen      total 641024K, used 15986K [0x00000000d5580000, 0x00000000ffb80000, 0x0000000100000000)
  eden space 589824K, 0% used [0x00000000d5580000,0x00000000d5580000,0x00000000f9580000)
  from space 51200K, 31% used [0x00000000f9580000,0x00000000fa51cb08,0x00000000fc780000)
  to   space 49152K, 0% used [0x00000000fcb80000,0x00000000fcb80000,0x00000000ffb80000)
 ParOldGen       total 317952K, used 233810K [0x0000000080000000, 0x0000000093680000, 0x00000000d5580000)
  object space 317952K, 73% used [0x0000000080000000,0x000000008e4548c8,0x0000000093680000)
 Metaspace       used 122726K, capacity 129652K, committed 130124K, reserved 1163264K
  class space    used 15774K, capacity 17078K, committed 17280K, reserved 1048576K
}
Event: 957.604 GC heap before
{Heap before GC invocations=48 (full 6):
 PSYoungGen      total 641024K, used 605810K [0x00000000d5580000, 0x00000000ffb80000, 0x0000000100000000)
  eden space 589824K, 100% used [0x00000000d5580000,0x00000000f9580000,0x00000000f9580000)
  from space 51200K, 31% used [0x00000000f9580000,0x00000000fa51cb08,0x00000000fc780000)
  to   space 49152K, 0% used [0x00000000fcb80000,0x00000000fcb80000,0x00000000ffb80000)
 ParOldGen       total 317952K, used 233810K [0x0000000080000000, 0x0000000093680000, 0x00000000d5580000)
  object space 317952K, 73% used [0x0000000080000000,0x000000008e4548c8,0x0000000093680000)
 Metaspace       used 122736K, capacity 129684K, committed 130124K, reserved 1163264K
  class space    used 15775K, capacity 17110K, committed 17280K, reserved 1048576K
Event: 957.627 GC heap after
Heap after GC invocations=48 (full 6):
 PSYoungGen      total 645632K, used 7941K [0x00000000d5580000, 0x00000000ffd00000, 0x0000000100000000)
  eden space 596480K, 0% used [0x00000000d5580000,0x00000000d5580000,0x00000000f9c00000)
  from space 49152K, 16% used [0x00000000fcb80000,0x00000000fd3415d0,0x00000000ffb80000)
  to   space 48640K, 0% used [0x00000000f9c00000,0x00000000f9c00000,0x00000000fcb80000)
 ParOldGen       total 317952K, used 245554K [0x0000000080000000, 0x0000000093680000, 0x00000000d5580000)
  object space 317952K, 77% used [0x0000000080000000,0x000000008efcca68,0x0000000093680000)
 Metaspace       used 122736K, capacity 129684K, committed 130124K, reserved 1163264K
  class space    used 15775K, capacity 17110K, committed 17280K, reserved 1048576K
}
Event: 959.277 GC heap before
{Heap before GC invocations=49 (full 6):
 PSYoungGen      total 645632K, used 604421K [0x00000000d5580000, 0x00000000ffd00000, 0x0000000100000000)
  eden space 596480K, 100% used [0x00000000d5580000,0x00000000f9c00000,0x00000000f9c00000)
  from space 49152K, 16% used [0x00000000fcb80000,0x00000000fd3415d0,0x00000000ffb80000)
  to   space 48640K, 0% used [0x00000000f9c00000,0x00000000f9c00000,0x00000000fcb80000)
 ParOldGen       total 317952K, used 245554K [0x0000000080000000, 0x0000000093680000, 0x00000000d5580000)
  object space 317952K, 77% used [0x0000000080000000,0x000000008efcca68,0x0000000093680000)
 Metaspace       used 122774K, capacity 129696K, committed 130124K, reserved 1163264K
  class space    used 15775K, capacity 17110K, committed 17280K, reserved 1048576K
Event: 959.336 GC heap after
Heap after GC invocations=49 (full 6):
 PSYoungGen      total 645120K, used 32100K [0x00000000d5580000, 0x0000000100000000, 0x0000000100000000)
  eden space 596480K, 0% used [0x00000000d5580000,0x00000000d5580000,0x00000000f9c00000)
  from space 48640K, 65% used [0x00000000f9c00000,0x00000000fbb59278,0x00000000fcb80000)
  to   space 50688K, 0% used [0x00000000fce80000,0x00000000fce80000,0x0000000100000000)
 ParOldGen       total 317952K, used 250561K [0x0000000080000000, 0x0000000093680000, 0x00000000d5580000)
  object space 317952K, 78% used [0x0000000080000000,0x000000008f4b0690,0x0000000093680000)
 Metaspace       used 122774K, capacity 129696K, committed 130124K, reserved 1163264K
  class space    used 15775K, capacity 17110K, committed 17280K, reserved 1048576K
}
Event: 961.201 GC heap before
{Heap before GC invocations=50 (full 6):
 PSYoungGen      total 645120K, used 628580K [0x00000000d5580000, 0x0000000100000000, 0x0000000100000000)
  eden space 596480K, 100% used [0x00000000d5580000,0x00000000f9c00000,0x00000000f9c00000)
  from space 48640K, 65% used [0x00000000f9c00000,0x00000000fbb59278,0x00000000fcb80000)
  to   space 50688K, 0% used [0x00000000fce80000,0x00000000fce80000,0x0000000100000000)
 ParOldGen       total 317952K, used 250561K [0x0000000080000000, 0x0000000093680000, 0x00000000d5580000)
  object space 317952K, 78% used [0x0000000080000000,0x000000008f4b0690,0x0000000093680000)
 Metaspace       used 122797K, capacity 129766K, committed 130380K, reserved 1163264K
  class space    used 15775K, capacity 17111K, committed 17280K, reserved 1048576K
Event: 961.248 GC heap after
Heap after GC invocations=50 (full 6):
 PSYoungGen      total 648192K, used 15531K [0x00000000d5580000, 0x00000000ffe00000, 0x0000000100000000)
  eden space 599552K, 0% used [0x00000000d5580000,0x00000000d5580000,0x00000000f9f00000)
  from space 48640K, 31% used [0x00000000fce80000,0x00000000fddaafe0,0x00000000ffe00000)
  to   space 48640K, 0% used [0x00000000f9f00000,0x00000000f9f00000,0x00000000fce80000)
 ParOldGen       total 317952K, used 257571K [0x0000000080000000, 0x0000000093680000, 0x00000000d5580000)
  object space 317952K, 81% used [0x0000000080000000,0x000000008fb88fd0,0x0000000093680000)
 Metaspace       used 122797K, capacity 129766K, committed 130380K, reserved 1163264K
  class space    used 15775K, capacity 17111K, committed 17280K, reserved 1048576K
}
Event: 975.256 GC heap before
{Heap before GC invocations=51 (full 6):
 PSYoungGen      total 648192K, used 615083K [0x00000000d5580000, 0x00000000ffe00000, 0x0000000100000000)
  eden space 599552K, 100% used [0x00000000d5580000,0x00000000f9f00000,0x00000000f9f00000)
  from space 48640K, 31% used [0x00000000fce80000,0x00000000fddaafe0,0x00000000ffe00000)
  to   space 48640K, 0% used [0x00000000f9f00000,0x00000000f9f00000,0x00000000fce80000)
 ParOldGen       total 317952K, used 257571K [0x0000000080000000, 0x0000000093680000, 0x00000000d5580000)
  object space 317952K, 81% used [0x0000000080000000,0x000000008fb88fd0,0x0000000093680000)
 Metaspace       used 130878K, capacity 137978K, committed 138444K, reserved 1169408K
  class space    used 16646K, capacity 17989K, committed 18176K, reserved 1048576K
Event: 975.310 GC heap after
Heap after GC invocations=51 (full 6):
 PSYoungGen      total 648192K, used 33289K [0x00000000d5580000, 0x0000000100000000, 0x0000000100000000)
  eden space 599552K, 0% used [0x00000000d5580000,0x00000000d5580000,0x00000000f9f00000)
  from space 48640K, 68% used [0x00000000f9f00000,0x00000000fbf825b8,0x00000000fce80000)
  to   space 50688K, 0% used [0x00000000fce80000,0x00000000fce80000,0x0000000100000000)
 ParOldGen       total 317952K, used 261518K [0x0000000080000000, 0x0000000093680000, 0x00000000d5580000)
  object space 317952K, 82% used [0x0000000080000000,0x000000008ff63878,0x0000000093680000)
 Metaspace       used 130878K, capacity 137978K, committed 138444K, reserved 1169408K
  class space    used 16646K, capacity 17989K, committed 18176K, reserved 1048576K
}

